<?xml version="1.0" encoding="UTF-8"?>
<testng-results ignored="0" total="1" passed="1" failed="0" skipped="0">
  <reporter-output>
  </reporter-output>
  <suite started-at="2023-07-13T11:47:26 UTC" name="Default suite" finished-at="2023-07-13T11:47:28 UTC" duration-ms="2547">
    <groups>
    </groups>
    <test started-at="2023-07-13T11:47:26 UTC" name="Default test" finished-at="2023-07-13T11:47:28 UTC" duration-ms="2547">
      <class name="testPage.editProfile">
        <test-method is-config="true" signature="setup()[pri:0, instance:testPage.editProfile@2053d869]" started-at="2023-07-13T11:47:26 UTC" name="setup" finished-at="2023-07-13T11:47:28 UTC" duration-ms="2138" status="PASS">
          <reporter-output>
          </reporter-output>
        </test-method> <!-- setup -->
        <test-method signature="editprofilePage()[pri:0, instance:testPage.editProfile@2053d869]" started-at="2023-07-13T11:47:28 UTC" name="editprofilePage" finished-at="2023-07-13T11:47:28 UTC" duration-ms="384" status="PASS">
          <reporter-output>
          </reporter-output>
        </test-method> <!-- editprofilePage -->
      </class> <!-- testPage.editProfile -->
    </test> <!-- Default test -->
  </suite> <!-- Default suite -->
</testng-results>
